{
  "stats": {
    "suites": 1,
    "tests": 1,
    "passes": 1,
    "pending": 0,
    "failures": 0,
    "start": "2025-12-17T02:18:09.834Z",
    "end": "2025-12-17T02:18:21.289Z",
    "duration": 11455,
    "testsRegistered": 1,
    "passPercent": 100,
    "pendingPercent": 0,
    "other": 0,
    "hasOther": false,
    "skipped": 0,
    "hasSkipped": false
  },
  "results": [
    {
      "uuid": "9dd40c7f-6208-43a3-81b5-e4a715fdc357",
      "title": "",
      "fullFile": "cypress\\e2e\\Day2_121625\\brave-search-loop.cy.js",
      "file": "cypress\\e2e\\Day2_121625\\brave-search-loop.cy.js",
      "beforeHooks": [],
      "afterHooks": [],
      "tests": [],
      "suites": [
        {
          "uuid": "98a8c531-3b14-48fe-8071-4f564363b599",
          "title": "Brave Search Functionality",
          "fullFile": "",
          "file": "",
          "beforeHooks": [],
          "afterHooks": [],
          "tests": [
            {
              "title": "Search for a keyword and verify the search url contains the keyword",
              "fullTitle": "Brave Search Functionality Search for a keyword and verify the search url contains the keyword",
              "timedOut": null,
              "duration": 9028,
              "state": "passed",
              "speed": "medium",
              "pass": true,
              "fail": false,
              "pending": false,
              "context": "{\n  \"title\": \"cypress-mochawesome-reporter-videos-passed\",\n  \"value\": \"cypress\\\\e2e\\\\Day2_121625\\\\brave-search-loop.cy.js\"\n}",
              "code": "keywords.forEach(keyValue => {\n  // Visit Brave Search homepage\n  cy.visit('https://search.brave.com/');\n  // type cypress testing in your search field and submit\n  cy.get('[id=searchbox]').type(`${keyValue}{enter}`);\n  // capture the current url and verify it contains Cypress+testing\n  cy.url().should('contain', `${keyValue.replace(/ /g, '+')}`);\n}); //end of forEach",
              "err": {},
              "uuid": "a2c9befa-7e99-4309-81cf-b6c9752a887f",
              "parentUUID": "98a8c531-3b14-48fe-8071-4f564363b599",
              "isHook": false,
              "skipped": false
            }
          ],
          "suites": [],
          "passes": [
            "a2c9befa-7e99-4309-81cf-b6c9752a887f"
          ],
          "failures": [],
          "pending": [],
          "skipped": [],
          "duration": 9028,
          "root": false,
          "rootEmpty": false,
          "_timeout": 2000
        }
      ],
      "passes": [],
      "failures": [],
      "pending": [],
      "skipped": [],
      "duration": 0,
      "root": true,
      "rootEmpty": true,
      "_timeout": 2000
    }
  ],
  "meta": {
    "mocha": {
      "version": "7.2.0"
    },
    "mochawesome": {
      "options": {
        "quiet": false,
        "reportFilename": "mochawesome",
        "saveHtml": false,
        "saveJson": true,
        "consoleReporter": "spec",
        "useInlineDiffs": false,
        "code": true
      },
      "version": "7.1.4"
    },
    "marge": {
      "options": {
        "reportDir": "cypress\\reports\\.jsons",
        "charts": true,
        "reportPageTitle": "Cypress HTML Report",
        "embeddedScreenshots": true,
        "inlineAssets": true,
        "saveAllAttempts": false,
        "html": false,
        "json": true,
        "overwrite": false
      },
      "version": "6.3.2"
    }
  }
}